2026-06-30T19:00:43.681+08:00  INFO 40724 --- [backend-rental] [main] c.example.demo.BackendRentalApplication  : Starting BackendRentalApplication using Java 17.0.18 with PID 40724 (C:\Users\MSI-NB\Documents\workspace-spring-tools-for-eclipse-5.0.1.RELEASE\backend-rental\target\classes started by MSI-NB in C:\Users\MSI-NB\Documents\workspace-spring-tools-for-eclipse-5.0.1.RELEASE\backend-rental)
2026-06-30T19:00:43.684+08:00  INFO 40724 --- [backend-rental] [main] c.example.demo.BackendRentalApplication  : No active profile set, falling back to 1 default profile: "default"
2026-06-30T19:00:44.110+08:00  INFO 40724 --- [backend-rental] [main] .s.d.r.c.RepositoryConfigurationDelegate : Bootstrapping Spring Data JPA repositories in DEFAULT mode.
2026-06-30T19:00:44.154+08:00  INFO 40724 --- [backend-rental] [main] .s.d.r.c.RepositoryConfigurationDelegate : Finished Spring Data repository scanning in 33 ms. Found 3 JPA repository interfaces.
2026-06-30T19:00:44.568+08:00  INFO 40724 --- [backend-rental] [main] o.s.b.w.embedded.tomcat.TomcatWebServer  : Tomcat initialized with port 8080 (http)
2026-06-30T19:00:44.577+08:00  INFO 40724 --- [backend-rental] [main] o.apache.catalina.core.StandardService   : Starting service [Tomcat]
2026-06-30T19:00:44.577+08:00  INFO 40724 --- [backend-rental] [main] o.apache.catalina.core.StandardEngine    : Starting Servlet engine: [Apache Tomcat/10.1.53]
2026-06-30T19:00:44.609+08:00  INFO 40724 --- [backend-rental] [main] o.a.c.c.C.[Tomcat].[localhost].[/]       : Initializing Spring embedded WebApplicationContext
2026-06-30T19:00:44.609+08:00  INFO 40724 --- [backend-rental] [main] w.s.c.ServletWebServerApplicationContext : Root WebApplicationContext: initialization completed in 898 ms
2026-06-30T19:00:44.700+08:00  INFO 40724 --- [backend-rental] [main] o.hibernate.jpa.internal.util.LogHelper  : HHH000204: Processing PersistenceUnitInfo [name: default]
2026-06-30T19:00:44.756+08:00  INFO 40724 --- [backend-rental] [main] org.hibernate.Version                    : HHH000412: Hibernate ORM core version 6.6.45.Final
2026-06-30T19:00:44.782+08:00  INFO 40724 --- [backend-rental] [main] o.h.c.internal.RegionFactoryInitiator    : HHH000026: Second-level cache disabled
2026-06-30T19:00:44.977+08:00  INFO 40724 --- [backend-rental] [main] o.s.o.j.p.SpringPersistenceUnitInfo      : No LoadTimeWeaver setup: ignoring JPA class transformer
2026-06-30T19:00:44.999+08:00  INFO 40724 --- [backend-rental] [main] com.zaxxer.hikari.HikariDataSource       : HikariPool-1 - Starting...
2026-06-30T19:00:45.120+08:00  INFO 40724 --- [backend-rental] [main] com.zaxxer.hikari.pool.HikariPool        : HikariPool-1 - Added connection com.mysql.cj.jdbc.ConnectionImpl@578b2dec
2026-06-30T19:00:45.121+08:00  INFO 40724 --- [backend-rental] [main] com.zaxxer.hikari.HikariDataSource       : HikariPool-1 - Start completed.
2026-06-30T19:00:45.187+08:00  INFO 40724 --- [backend-rental] [main] org.hibernate.orm.connections.pooling    : HHH10001005: Database info:
	Database JDBC URL [Connecting through datasource 'HikariDataSource (HikariPool-1)']
	Database driver: undefined/unknown
	Database version: 8.0.45
	Autocommit mode: undefined/unknown
	Isolation level: undefined/unknown
	Minimum pool size: undefined/unknown
	Maximum pool size: undefined/unknown
2026-06-30T19:00:45.744+08:00  INFO 40724 --- [backend-rental] [main] o.h.e.t.j.p.i.JtaPlatformInitiator       : HHH000489: No JTA platform available (set 'hibernate.transaction.jta.platform' to enable JTA platform integration)
2026-06-30T19:00:45.851+08:00  INFO 40724 --- [backend-rental] [main] j.LocalContainerEntityManagerFactoryBean : Initialized JPA EntityManagerFactory for persistence unit 'default'
2026-06-30T19:00:46.099+08:00  INFO 40724 --- [backend-rental] [main] eAuthenticationProviderManagerConfigurer : Global AuthenticationManager configured with AuthenticationProvider bean with name authenticationProvider
2026-06-30T19:00:46.100+08:00  WARN 40724 --- [backend-rental] [main] r$InitializeUserDetailsManagerConfigurer : Global AuthenticationManager configured with an AuthenticationProvider bean. UserDetailsService beans will not be used by Spring Security for automatically configuring username/password login. Consider removing the AuthenticationProvider bean. Alternatively, consider using the UserDetailsService in a manually instantiated DaoAuthenticationProvider. If the current configuration is intentional, to turn off this warning, increase the logging level of 'org.springframework.security.config.annotation.authentication.configuration.InitializeUserDetailsBeanManagerConfigurer' to ERROR
2026-06-30T19:00:46.173+08:00  INFO 40724 --- [backend-rental] [main] o.s.d.j.r.query.QueryEnhancerFactory     : Hibernate is in classpath; If applicable, HQL parser will be used.
2026-06-30T19:00:46.821+08:00  INFO 40724 --- [backend-rental] [main] o.s.b.w.embedded.tomcat.TomcatWebServer  : Tomcat started on port 8080 (http) with context path '/'
2026-06-30T19:00:46.826+08:00  INFO 40724 --- [backend-rental] [main] c.example.demo.BackendRentalApplication  : Started BackendRentalApplication in 3.45 seconds (process running for 3.803)
2026-06-30T19:01:32.959+08:00  INFO 40724 --- [backend-rental] [http-nio-8080-exec-1] o.a.c.c.C.[Tomcat].[localhost].[/]       : Initializing Spring DispatcherServlet 'dispatcherServlet'
2026-06-30T19:01:32.960+08:00  INFO 40724 --- [backend-rental] [http-nio-8080-exec-1] o.s.web.servlet.DispatcherServlet        : Initializing Servlet 'dispatcherServlet'
2026-06-30T19:01:32.960+08:00  INFO 40724 --- [backend-rental] [http-nio-8080-exec-1] o.s.web.servlet.DispatcherServlet        : Completed initialization in 0 ms
2026-06-30T19:01:33.097+08:00  INFO 40724 --- [backend-rental] [http-nio-8080-exec-3] c.example.demo.rental.aop.LoggingAspect  : RentalItemService.findAll(..)執行成功，耗時 80 ms
2026-06-30T19:01:33.097+08:00  INFO 40724 --- [backend-rental] [http-nio-8080-exec-3] c.example.demo.rental.aop.LoggingAspect  : RentalItemController.findAll(..)執行成功，耗時 81 ms
2026-06-30T19:01:33.153+08:00  INFO 40724 --- [backend-rental] [http-nio-8080-exec-4] c.example.demo.rental.aop.LoggingAspect  : RentalItemService.findAll(..)執行成功，耗時 3 ms
2026-06-30T19:01:33.154+08:00  INFO 40724 --- [backend-rental] [http-nio-8080-exec-4] c.example.demo.rental.aop.LoggingAspect  : RentalItemController.findAll(..)執行成功，耗時 4 ms
2026-06-30T19:04:28.121+08:00  INFO 40724 --- [backend-rental] [RMI TCP Connection(13)-127.0.0.1] inMXBeanRegistrar$SpringApplicationAdmin : Application shutdown requested.
2026-06-30T19:04:28.123+08:00  INFO 40724 --- [backend-rental] [RMI TCP Connection(13)-127.0.0.1] o.s.b.w.e.tomcat.GracefulShutdown        : Commencing graceful shutdown. Waiting for active requests to complete
2026-06-30T19:04:28.209+08:00  INFO 40724 --- [backend-rental] [tomcat-shutdown] o.s.b.w.e.tomcat.GracefulShutdown        : Graceful shutdown complete
2026-06-30T19:04:28.212+08:00  INFO 40724 --- [backend-rental] [RMI TCP Connection(13)-127.0.0.1] j.LocalContainerEntityManagerFactoryBean : Closing JPA EntityManagerFactory for persistence unit 'default'
2026-06-30T19:04:28.213+08:00  INFO 40724 --- [backend-rental] [RMI TCP Connection(13)-127.0.0.1] com.zaxxer.hikari.HikariDataSource       : HikariPool-1 - Shutdown initiated...
2026-06-30T19:04:28.219+08:00  INFO 40724 --- [backend-rental] [RMI TCP Connection(13)-127.0.0.1] com.zaxxer.hikari.HikariDataSource       : HikariPool-1 - Shutdown completed.
2026-06-30T19:04:29.541+08:00  INFO 36352 --- [backend-rental] [main] c.example.demo.BackendRentalApplication  : Starting BackendRentalApplication using Java 17.0.18 with PID 36352 (C:\Users\MSI-NB\Documents\workspace-spring-tools-for-eclipse-5.0.1.RELEASE\backend-rental\target\classes started by MSI-NB in C:\Users\MSI-NB\Documents\workspace-spring-tools-for-eclipse-5.0.1.RELEASE\backend-rental)
2026-06-30T19:04:29.544+08:00  INFO 36352 --- [backend-rental] [main] c.example.demo.BackendRentalApplication  : No active profile set, falling back to 1 default profile: "default"
2026-06-30T19:04:30.028+08:00  INFO 36352 --- [backend-rental] [main] .s.d.r.c.RepositoryConfigurationDelegate : Bootstrapping Spring Data JPA repositories in DEFAULT mode.
2026-06-30T19:04:30.084+08:00  INFO 36352 --- [backend-rental] [main] .s.d.r.c.RepositoryConfigurationDelegate : Finished Spring Data repository scanning in 50 ms. Found 3 JPA repository interfaces.
2026-06-30T19:04:30.506+08:00  INFO 36352 --- [backend-rental] [main] o.s.b.w.embedded.tomcat.TomcatWebServer  : Tomcat initialized with port 8080 (http)
2026-06-30T19:04:30.516+08:00  INFO 36352 --- [backend-rental] [main] o.apache.catalina.core.StandardService   : Starting service [Tomcat]
2026-06-30T19:04:30.516+08:00  INFO 36352 --- [backend-rental] [main] o.apache.catalina.core.StandardEngine    : Starting Servlet engine: [Apache Tomcat/10.1.53]
2026-06-30T19:04:30.548+08:00  INFO 36352 --- [backend-rental] [main] o.a.c.c.C.[Tomcat].[localhost].[/]       : Initializing Spring embedded WebApplicationContext
2026-06-30T19:04:30.548+08:00  INFO 36352 --- [backend-rental] [main] w.s.c.ServletWebServerApplicationContext : Root WebApplicationContext: initialization completed in 979 ms
2026-06-30T19:04:30.637+08:00  INFO 36352 --- [backend-rental] [main] o.hibernate.jpa.internal.util.LogHelper  : HHH000204: Processing PersistenceUnitInfo [name: default]
2026-06-30T19:04:30.678+08:00  INFO 36352 --- [backend-rental] [main] org.hibernate.Version                    : HHH000412: Hibernate ORM core version 6.6.45.Final
2026-06-30T19:04:30.704+08:00  INFO 36352 --- [backend-rental] [main] o.h.c.internal.RegionFactoryInitiator    : HHH000026: Second-level cache disabled
2026-06-30T19:04:30.874+08:00  INFO 36352 --- [backend-rental] [main] o.s.o.j.p.SpringPersistenceUnitInfo      : No LoadTimeWeaver setup: ignoring JPA class transformer
2026-06-30T19:04:30.896+08:00  INFO 36352 --- [backend-rental] [main] com.zaxxer.hikari.HikariDataSource       : HikariPool-1 - Starting...
2026-06-30T19:04:30.998+08:00  INFO 36352 --- [backend-rental] [main] com.zaxxer.hikari.pool.HikariPool        : HikariPool-1 - Added connection com.mysql.cj.jdbc.ConnectionImpl@2c54c497
2026-06-30T19:04:31.000+08:00  INFO 36352 --- [backend-rental] [main] com.zaxxer.hikari.HikariDataSource       : HikariPool-1 - Start completed.
2026-06-30T19:04:31.049+08:00  INFO 36352 --- [backend-rental] [main] org.hibernate.orm.connections.pooling    : HHH10001005: Database info:
	Database JDBC URL [Connecting through datasource 'HikariDataSource (HikariPool-1)']
	Database driver: undefined/unknown
	Database version: 8.0.45
	Autocommit mode: undefined/unknown
	Isolation level: undefined/unknown
	Minimum pool size: undefined/unknown
	Maximum pool size: undefined/unknown
2026-06-30T19:04:31.582+08:00  INFO 36352 --- [backend-rental] [main] o.h.e.t.j.p.i.JtaPlatformInitiator       : HHH000489: No JTA platform available (set 'hibernate.transaction.jta.platform' to enable JTA platform integration)
2026-06-30T19:04:31.659+08:00  INFO 36352 --- [backend-rental] [main] j.LocalContainerEntityManagerFactoryBean : Initialized JPA EntityManagerFactory for persistence unit 'default'
2026-06-30T19:04:31.927+08:00  INFO 36352 --- [backend-rental] [main] eAuthenticationProviderManagerConfigurer : Global AuthenticationManager configured with AuthenticationProvider bean with name authenticationProvider
2026-06-30T19:04:31.927+08:00  WARN 36352 --- [backend-rental] [main] r$InitializeUserDetailsManagerConfigurer : Global AuthenticationManager configured with an AuthenticationProvider bean. UserDetailsService beans will not be used by Spring Security for automatically configuring username/password login. Consider removing the AuthenticationProvider bean. Alternatively, consider using the UserDetailsService in a manually instantiated DaoAuthenticationProvider. If the current configuration is intentional, to turn off this warning, increase the logging level of 'org.springframework.security.config.annotation.authentication.configuration.InitializeUserDetailsBeanManagerConfigurer' to ERROR
2026-06-30T19:04:32.008+08:00  INFO 36352 --- [backend-rental] [main] o.s.d.j.r.query.QueryEnhancerFactory     : Hibernate is in classpath; If applicable, HQL parser will be used.
2026-06-30T19:04:32.680+08:00  INFO 36352 --- [backend-rental] [main] o.s.b.w.embedded.tomcat.TomcatWebServer  : Tomcat started on port 8080 (http) with context path '/'
2026-06-30T19:04:32.687+08:00  INFO 36352 --- [backend-rental] [main] c.example.demo.BackendRentalApplication  : Started BackendRentalApplication in 3.419 seconds (process running for 3.783)
2026-06-30T19:13:21.554+08:00  INFO 36352 --- [backend-rental] [http-nio-8080-exec-1] o.a.c.c.C.[Tomcat].[localhost].[/]       : Initializing Spring DispatcherServlet 'dispatcherServlet'
2026-06-30T19:13:21.554+08:00  INFO 36352 --- [backend-rental] [http-nio-8080-exec-1] o.s.web.servlet.DispatcherServlet        : Initializing Servlet 'dispatcherServlet'
2026-06-30T19:13:21.555+08:00  INFO 36352 --- [backend-rental] [http-nio-8080-exec-1] o.s.web.servlet.DispatcherServlet        : Completed initialization in 1 ms
2026-06-30T19:13:21.668+08:00  INFO 36352 --- [backend-rental] [http-nio-8080-exec-2] c.example.demo.rental.aop.LoggingAspect  : RentalItemService.findAll(..)執行成功，耗時 65 ms
2026-06-30T19:13:21.669+08:00  INFO 36352 --- [backend-rental] [http-nio-8080-exec-2] c.example.demo.rental.aop.LoggingAspect  : RentalItemController.findAll(..)執行成功，耗時 68 ms
2026-06-30T19:13:21.721+08:00  INFO 36352 --- [backend-rental] [http-nio-8080-exec-4] c.example.demo.rental.aop.LoggingAspect  : RentalItemService.findAll(..)執行成功，耗時 3 ms
2026-06-30T19:13:21.722+08:00  INFO 36352 --- [backend-rental] [http-nio-8080-exec-4] c.example.demo.rental.aop.LoggingAspect  : RentalItemController.findAll(..)執行成功，耗時 4 ms
2026-06-30T19:13:54.215+08:00  INFO 36352 --- [backend-rental] [http-nio-8080-exec-7] c.example.demo.rental.aop.LoggingAspect  : RentalItemService.findAll(..)執行成功，耗時 4 ms
2026-06-30T19:13:54.215+08:00  INFO 36352 --- [backend-rental] [http-nio-8080-exec-7] c.example.demo.rental.aop.LoggingAspect  : RentalItemController.findAll(..)執行成功，耗時 4 ms
2026-06-30T19:13:54.222+08:00  INFO 36352 --- [backend-rental] [http-nio-8080-exec-8] c.example.demo.rental.aop.LoggingAspect  : RentalItemService.findAll(..)執行成功，耗時 4 ms
2026-06-30T19:13:54.223+08:00  INFO 36352 --- [backend-rental] [http-nio-8080-exec-8] c.example.demo.rental.aop.LoggingAspect  : RentalItemController.findAll(..)執行成功，耗時 5 ms
2026-06-30T19:49:31.241+08:00  INFO 36352 --- [backend-rental] [RMI TCP Connection(52)-127.0.0.1] inMXBeanRegistrar$SpringApplicationAdmin : Application shutdown requested.
2026-06-30T19:49:31.247+08:00  INFO 36352 --- [backend-rental] [RMI TCP Connection(52)-127.0.0.1] o.s.b.w.e.tomcat.GracefulShutdown        : Commencing graceful shutdown. Waiting for active requests to complete
2026-06-30T19:49:31.343+08:00  INFO 36352 --- [backend-rental] [tomcat-shutdown] o.s.b.w.e.tomcat.GracefulShutdown        : Graceful shutdown complete
2026-06-30T19:49:31.349+08:00  INFO 36352 --- [backend-rental] [RMI TCP Connection(52)-127.0.0.1] j.LocalContainerEntityManagerFactoryBean : Closing JPA EntityManagerFactory for persistence unit 'default'
2026-06-30T19:49:31.351+08:00  INFO 36352 --- [backend-rental] [RMI TCP Connection(52)-127.0.0.1] com.zaxxer.hikari.HikariDataSource       : HikariPool-1 - Shutdown initiated...
2026-06-30T19:49:31.353+08:00  INFO 36352 --- [backend-rental] [RMI TCP Connection(52)-127.0.0.1] com.zaxxer.hikari.HikariDataSource       : HikariPool-1 - Shutdown completed.
